<?xml version="1.0" encoding="UTF-8"?>
<!-- Generated by org.testng.reporters.JUnitReportReporter -->
<testsuite skipped="0" hostname="ZainAaliya" name="JenkinsPackage.JenkinsTestNGClass" tests="1" failures="0" timestamp="25 Apr 2020 11:21:26 GMT" time="27.207" errors="0">
  <testcase name="f" time="27.207" classname="JenkinsPackage.JenkinsTestNGClass"/>
</testsuite> <!-- JenkinsPackage.JenkinsTestNGClass -->
