<?xml version="1.0" encoding="UTF-8"?>
<!-- Generated by org.testng.reporters.JUnitReportReporter -->
<testsuite hostname="ZainAaliya" failures="0" tests="2" name="SeleniumJava.Class2" time="0.015" errors="0" timestamp="10 Apr 2020 08:41:42 GMT" skipped="0">
  <testcase classname="SeleniumJava.Class2" name="Test3" time="0.011"/>
  <testcase classname="SeleniumJava.Class2" name="Test2" time="0.004"/>
</testsuite> <!-- SeleniumJava.Class2 -->
