<?xml version="1.0" encoding="UTF-8"?>
<!-- Generated by org.testng.reporters.JUnitReportReporter -->
<testsuite hostname="ZainAaliya" failures="0" tests="1" name="SeleniumJava.Test2" time="0.002" errors="0" timestamp="06 Apr 2020 05:12:32 GMT" skipped="0">
  <testcase classname="SeleniumJava.Test2" name="Suite2" time="0.002"/>
</testsuite> <!-- SeleniumJava.Test2 -->
