<?xml version="1.0" encoding="UTF-8"?>
<!-- Generated by org.testng.reporters.JUnitReportReporter -->
<testsuite hostname="ZainAaliya" failures="0" tests="1" name="SeleniumJava.Class1" time="0.013" errors="0" timestamp="10 Apr 2020 08:41:42 GMT" skipped="0">
  <testcase classname="SeleniumJava.Class1" name="Test1" time="0.013"/>
</testsuite> <!-- SeleniumJava.Class1 -->
