<?xml version="1.0" encoding="UTF-8"?>
<!-- Generated by org.testng.reporters.JUnitReportReporter -->
<testsuite hostname="ZainAaliya" failures="0" tests="1" name="SeleniumJava.WorkingwithExcel" time="540.161" errors="0" timestamp="09 Apr 2020 05:15:34 GMT" skipped="0">
  <testcase classname="SeleniumJava.WorkingwithExcel" name="Exceldemo" time="540.161"/>
</testsuite> <!-- SeleniumJava.WorkingwithExcel -->
