<?xml version="1.0" encoding="UTF-8"?>
<!-- Generated by org.testng.reporters.JUnitReportReporter -->
<testsuite hostname="ZainAaliya" failures="0" tests="1" name="SeleniumJava.DemoNewTest" time="0.010" errors="0" timestamp="10 Apr 2020 07:55:22 GMT" skipped="0">
  <testcase classname="SeleniumJava.DemoNewTest" name="Test2" time="0.010"/>
</testsuite> <!-- SeleniumJava.DemoNewTest -->
