<?xml version="1.0" encoding="UTF-8"?>
<!-- Generated by org.testng.reporters.JUnitReportReporter -->
<testsuite hostname="ZainAaliya" failures="0" tests="1" name="SeleniumJava.ActionsDemo" time="58.922" errors="0" timestamp="13 Apr 2020 11:13:25 GMT" skipped="0">
  <testcase classname="SeleniumJava.ActionsDemo" name="Actions" time="58.922"/>
</testsuite> <!-- SeleniumJava.ActionsDemo -->
