<?xml version="1.0" encoding="UTF-8"?>
<!-- Generated by org.testng.reporters.JUnitReportReporter -->
<testsuite hostname="ZainAaliya" failures="0" tests="3" name="SeleniumJava.DemoTest" time="0.013" errors="0" timestamp="09 Apr 2020 11:23:36 GMT" skipped="0">
  <testcase classname="SeleniumJava.DemoTest" name="f" time="0.002"/>
  <testcase classname="SeleniumJava.DemoTest" name="f" time="0.002"/>
  <testcase classname="SeleniumJava.DemoTest" name="f" time="0.009"/>
</testsuite> <!-- SeleniumJava.DemoTest -->
