<?xml version="1.0" encoding="UTF-8"?>
<!-- Generated by org.testng.reporters.JUnitReportReporter -->
<testsuite hostname="ZainAaliya" failures="0" tests="1" name="SeleniumJava.KeyWordDriven" time="73.197" errors="0" timestamp="09 Apr 2020 12:21:00 GMT" skipped="0">
  <testcase classname="SeleniumJava.KeyWordDriven" name="CallingFunctions" time="73.197"/>
</testsuite> <!-- SeleniumJava.KeyWordDriven -->
